<?xml version="1.0" encoding="UTF-8"?>
<!-- Generated by org.testng.reporters.JUnitXMLReporter -->
<testsuite ignored="0" hostname="VDC1ODCD200101" failures="0" tests="12" name="Default test" time="3.138" errors="0" timestamp="2023-10-18T12:26:05 IST">
  <testcase classname="TestNG_Revise.testing" name="StringReverse" time="0.016"/>
  <testcase classname="TestNG_Revise.testing" name="numberReverse" time="0.004"/>
  <testcase classname="TestNG_Revise.testing" name="occuranceofLetter" time="0.006"/>
  <testcase classname="TestNG_Revise.testing" name="practise" time="0.003"/>
  <testcase classname="TestNG_Revise.testing" name="practise" time="0.005"/>
  <testcase classname="TestNG_Revise.testing" name="practise" time="0.002"/>
  <testcase classname="TestNG_Revise.testing" name="practise" time="0.006"/>
  <testcase classname="TestNG_Revise.testing" name="printNumber" time="0.001"/>
  <testcase classname="TestNG_Revise.testing" name="printStart" time="0.004"/>
  <testcase classname="TestNG_Revise.testing" name="smallestElementinArray" time="0.003"/>
  <testcase classname="TestNG_Revise.testing" name="swapWithOutTemp" time="0.002"/>
  <testcase classname="TestNG_Revise.testing" name="swapWithTemp" time="0.002"/>
</testsuite> <!-- Default test -->
