<?xml version="1.0" encoding="UTF-8"?>
<!-- Generated by org.testng.reporters.JUnitXMLReporter -->
<testsuite ignored="0" hostname="VDC1ODCD200101" failures="0" tests="4" name="Default test" time="37.749" errors="0" timestamp="2023-10-25T00:04:34 IST">
  <testcase classname="TestCases.LoginDDT_Practise" name="test_ddt" time="4.622"/>
  <testcase classname="TestCases.LoginDDT_Practise" name="test_ddt" time="4.646"/>
  <testcase classname="TestCases.LoginDDT_Practise" name="test_ddt" time="4.521"/>
  <testcase classname="TestCases.LoginDDT_Practise" name="test_ddt" time="4.894"/>
</testsuite> <!-- Default test -->
