<?xml version="1.0" encoding="UTF-8"?>
<!-- Generated by org.testng.reporters.JUnitXMLReporter -->
<testsuite ignored="0" hostname="VDC1ODCD200101" failures="2" tests="6" name="practise_test" time="0.268" errors="0" timestamp="2023-09-16T13:29:21 IST">
  <testcase classname="interview_Questions.failed_TestCases" name="testcase1" time="0.048">
    <skipped/>
  </testcase> <!-- testcase1 -->
  <testcase classname="interview_Questions.failed_TestCases" name="testcase2" time="0.031">
    <failure type="java.lang.AssertionError" message="expected [false] but found [true]">
      <![CDATA[java.lang.AssertionError: expected [false] but found [true]
at interview_Questions.failed_TestCases.testcase2(failed_TestCases.java:20)
at java.base/java.util.concurrent.ThreadPoolExecutor.runWorker(ThreadPoolExecutor.java:1136)
at java.base/java.util.concurrent.ThreadPoolExecutor$Worker.run(ThreadPoolExecutor.java:635)
at java.base/java.lang.Thread.run(Thread.java:833)
... Removed 19 stack frames]]>
    </failure>
  </testcase> <!-- testcase2 -->
  <testcase classname="interview_Questions.failed_TestCases" name="testcase1" time="0.006">
    <skipped/>
  </testcase> <!-- testcase1 -->
  <testcase classname="interview_Questions.failed_TestCases" name="testcase1" time="0.004">
    <skipped/>
  </testcase> <!-- testcase1 -->
  <testcase classname="interview_Questions.failed_TestCases" name="testcase1" time="0.011">
    <skipped/>
  </testcase> <!-- testcase1 -->
  <testcase classname="interview_Questions.failed_TestCases" name="testcase1" time="0.008">
    <failure type="java.lang.AssertionError" message="expected [true] but found [false]">
      <![CDATA[java.lang.AssertionError: expected [true] but found [false]
at interview_Questions.failed_TestCases.testcase1(failed_TestCases.java:13)
at java.base/java.util.concurrent.ThreadPoolExecutor.runWorker(ThreadPoolExecutor.java:1136)
at java.base/java.util.concurrent.ThreadPoolExecutor$Worker.run(ThreadPoolExecutor.java:635)
at java.base/java.lang.Thread.run(Thread.java:833)
... Removed 19 stack frames]]>
    </failure>
  </testcase> <!-- testcase1 -->
</testsuite> <!-- practise_test -->
