<?xml version="1.0" encoding="UTF-8"?>
<!-- Generated by org.testng.reporters.JUnitXMLReporter -->
<testsuite ignored="2" hostname="VDC1ODCD200101" failures="0" tests="2" name="practise test" time="0.131" errors="0" timestamp="2023-10-06T18:22:35 IST">
  <testcase classname="TestNG_Revise.groups" name="test3" time="0.036"/>
  <testcase classname="TestNG_Revise.groups" name="test1" time="0.055"/>
  <testcase classname="TestNG_Revise.groups" name="test4" time="0.0">
    <ignored/>
  </testcase> <!-- test4 -->
  <testcase classname="TestNG_Revise.groups" name="test2" time="0.0">
    <ignored/>
  </testcase> <!-- test2 -->
</testsuite> <!-- practise test -->
