<?xml version="1.0" encoding="UTF-8"?>
<testng-results ignored="0" total="1" passed="1" failed="0" skipped="0">
  <reporter-output>
  </reporter-output>
  <suite started-at="2023-11-07T18:35:36 IST" name="Default suite" finished-at="2023-11-07T18:35:52 IST" duration-ms="16063">
    <groups>
    </groups>
    <test started-at="2023-11-07T18:35:36 IST" name="Default test" finished-at="2023-11-07T18:35:52 IST" duration-ms="16063">
      <class name="Testcase_Nov_7.LoginTC">
        <test-method is-config="true" signature="setUp()[pri:0, instance:Testcase_Nov_7.LoginTC@62656be4]" started-at="2023-11-07T18:35:36 IST" name="setUp" finished-at="2023-11-07T18:35:51 IST" duration-ms="14920" status="PASS">
          <reporter-output>
          </reporter-output>
        </test-method> <!-- setUp -->
        <test-method signature="test_loginpage()[pri:0, instance:Testcase_Nov_7.LoginTC@62656be4]" started-at="2023-11-07T18:35:51 IST" name="test_loginpage" finished-at="2023-11-07T18:35:52 IST" duration-ms="137" status="PASS">
          <reporter-output>
          </reporter-output>
        </test-method> <!-- test_loginpage -->
        <test-method is-config="true" signature="TearDown()[pri:0, instance:Testcase_Nov_7.LoginTC@62656be4]" started-at="2023-11-07T18:35:52 IST" name="TearDown" finished-at="2023-11-07T18:35:52 IST" duration-ms="865" status="PASS">
          <reporter-output>
          </reporter-output>
        </test-method> <!-- TearDown -->
      </class> <!-- Testcase_Nov_7.LoginTC -->
    </test> <!-- Default test -->
  </suite> <!-- Default suite -->
</testng-results>
