<?xml version="1.0" encoding="UTF-8"?>
<testng-results ignored="0" total="1" passed="1" failed="0" skipped="0">
  <reporter-output>
  </reporter-output>
  <suite started-at="2023-09-14T16:53:35 IST" name="Default suite" finished-at="2023-09-14T16:53:53 IST" duration-ms="17661">
    <groups>
    </groups>
    <test started-at="2023-09-14T16:53:35 IST" name="Default test" finished-at="2023-09-14T16:53:53 IST" duration-ms="17661">
      <class name="TestCases.LoginTC_001">
        <test-method is-config="true" signature="Setup()[pri:0, instance:TestCases.LoginTC_001@5f9edf14]" started-at="2023-09-14T16:53:35 IST" name="Setup" finished-at="2023-09-14T16:53:47 IST" duration-ms="12180" status="PASS">
          <reporter-output>
          </reporter-output>
        </test-method> <!-- Setup -->
        <test-method signature="testLoginPage()[pri:0, instance:TestCases.LoginTC_001@5f9edf14]" started-at="2023-09-14T16:53:47 IST" name="testLoginPage" finished-at="2023-09-14T16:53:52 IST" duration-ms="4803" status="PASS">
          <reporter-output>
          </reporter-output>
        </test-method> <!-- testLoginPage -->
        <test-method is-config="true" signature="TearDown()[pri:0, instance:TestCases.LoginTC_001@5f9edf14]" started-at="2023-09-14T16:53:52 IST" name="TearDown" finished-at="2023-09-14T16:53:53 IST" duration-ms="592" status="PASS">
          <reporter-output>
          </reporter-output>
        </test-method> <!-- TearDown -->
      </class> <!-- TestCases.LoginTC_001 -->
    </test> <!-- Default test -->
  </suite> <!-- Default suite -->
</testng-results>
